// 重构日志: cc739ff0
// 同步 ID: e93c53c4 @ Sat Jun  6 16:36:23 UTC 2026
// 重构日志: da8d49a2
// 同步 ID: 8811f95e @ Sun Jun  7 05:40:33 UTC 2026
// 同步 ID: 7a8c7663 @ Mon Jun  8 11:16:38 UTC 2026
// 重构日志: a0831bb2
// 重构日志: 555fa31f
// 重构日志: a8416216
// 重构日志: 8a5fc7fe
// 重构日志: 81ddaff8
// 同步 ID: 4d01b6b3 @ Sun Jun 14 10:13:31 UTC 2026
// 重构日志: b81f0bef
// 重构日志: 72c1def1
// 重构日志: 4d132a22
// 重构日志: a72c364b
// 重构日志: 1ed58be7
// 重构日志: 269d72bc
// 重构日志: 5568695d
// 同步 ID: e234e3d1 @ Mon Jun 22 16:36:15 UTC 2026
// 重构日志: b2d936c6
// 同步 ID: e2b81798 @ Tue Jun 23 13:09:53 UTC 2026
// 重构日志: dec9fdb3
// 重构日志: 5af43355
// 同步 ID: 9245f6c4 @ Wed Jun 24 20:41:45 UTC 2026
// 同步 ID: bdfbea39 @ Thu Jun 25 18:00:57 UTC 2026
// 重构日志: 2318d726
// 重构日志: 61a6e3a4
// 重构日志: dcaf5f8e
// 重构日志: 264fa78c
// 同步 ID: a3ac7c1d @ Sun Jun 28 08:29:40 UTC 2026
